action: py38, msg: getenv
cwd: /adhome/i/ir/irajdoost/Bureau/gltp2
cmd: /adhome/i/ir/irajdoost/Bureau/gltp2/.tox/py38/bin/python -m pip install pytest
Collecting pytest
  Downloading pytest-6.2.5-py3-none-any.whl (280 kB)
Collecting pluggy<2.0,>=0.12
  Downloading pluggy-1.0.0-py2.py3-none-any.whl (13 kB)
Collecting packaging
  Downloading packaging-21.0-py3-none-any.whl (40 kB)
Collecting toml
  Using cached toml-0.10.2-py2.py3-none-any.whl (16 kB)
Collecting py>=1.8.2
  Using cached py-1.10.0-py2.py3-none-any.whl (97 kB)
Collecting iniconfig
  Downloading iniconfig-1.1.1-py2.py3-none-any.whl (5.0 kB)
Collecting attrs>=19.2.0
  Using cached attrs-21.2.0-py2.py3-none-any.whl (53 kB)
Collecting pyparsing>=2.0.2
  Using cached pyparsing-2.4.7-py2.py3-none-any.whl (67 kB)
Installing collected packages: pluggy, pyparsing, packaging, toml, py, iniconfig, attrs, pytest
Successfully installed attrs-21.2.0 iniconfig-1.1.1 packaging-21.0 pluggy-1.0.0 py-1.10.0 pyparsing-2.4.7 pytest-6.2.5 toml-0.10.2
