action: py27, msg: envreport
cwd: /adhome/i/ir/irajdoost/Bureau/gltp2
cmd: /adhome/i/ir/irajdoost/Bureau/gltp2/.tox/py27/bin/python -m pip freeze
DEPRECATION: Python 2.7 reached the end of its life on January 1st, 2020. Please upgrade your Python as Python 2.7 is no longer maintained. A future version of pip will drop support for Python 2.7. More details about Python 2 support in pip, can be found at https://pip.pypa.io/en/latest/development/release-process/#python-2-support
atomicwrites==1.4.0
attrs==21.2.0
backports.functools-lru-cache==1.6.4
configparser==4.0.2
contextlib2==0.6.0.post1
fizzbuzz==1.0.0
funcsigs==1.0.2
importlib-metadata==2.1.1
more-itertools==5.0.0
packaging==20.9
pathlib2==2.3.6
pluggy==0.13.1
py==1.10.0
pyparsing==2.4.7
pytest==4.6.11
scandir==1.10.0
six==1.16.0
wcwidth==0.2.5
zipp==1.2.0
